GPU memory occupied: 257 MB.

===================================BUG REPORT===================================
Welcome to bitsandbytes. For bug reports, please run

python -m bitsandbytes

 and submit this information together with your error trace to: https://github.com/TimDettmers/bitsandbytes/issues
================================================================================
bin /home/toibazd/miniconda3/lib/python3.9/site-packages/bitsandbytes-0.40.0.post4-py3.9.egg/bitsandbytes/libbitsandbytes_cuda114_nocublaslt.so
False
CUDA SETUP: CUDA runtime path found: /sw/csgv/cuda/11.4.4/el7.9_binary/lib64/libcudart.so
CUDA SETUP: Highest compute capability among GPUs detected: 7.0
CUDA SETUP: Detected CUDA version 114
CUDA SETUP: Required library version not found: libbitsandbytes_cuda114_nocublaslt.so. Maybe you need to compile it from source?
CUDA SETUP: Defaulting to libbitsandbytes_cpu.so...

================================================ERROR=====================================
CUDA SETUP: CUDA detection failed! Possible reasons:
1. CUDA driver not installed
2. CUDA not installed
3. You have multiple conflicting CUDA libraries
4. Required library not pre-compiled for this bitsandbytes release!
CUDA SETUP: If you compiled from source, try again with `make CUDA_VERSION=DETECTED_CUDA_VERSION` for example, `make CUDA_VERSION=113`.
CUDA SETUP: The CUDA version for the compile might depend on your conda install. Inspect CUDA version via `conda list | grep cuda`.
================================================================================

CUDA SETUP: Something unexpected happened. Please compile from source:
git clone git@github.com:TimDettmers/bitsandbytes.git
cd bitsandbytes
CUDA_VERSION=114 make cuda11x_nomatmul
python setup.py install
CUDA SETUP: Setup Failed!
