GPU memory occupied: 257 MB.
Downloading and preparing dataset wikisql/default to /home/toibazd/.cache/huggingface/datasets/wikisql/default/0.1.0/7037bfe6a42b1ca2b6ac3ccacba5253b1825d31379e9cc626fc79a620977252d...
Dataset wikisql downloaded and prepared to /home/toibazd/.cache/huggingface/datasets/wikisql/default/0.1.0/7037bfe6a42b1ca2b6ac3ccacba5253b1825d31379e9cc626fc79a620977252d. Subsequent calls will reuse this data.
Input mean: 19.8508 
 % of input len > 256: 0.0, 
 % of input len > 128: 0.0, 
 % of input len > 64: 0.0002, 
 Ouput mean: 20.0403,
% of output len > 256: 0.0, 
% of output len > 128: 0.0002, 
% of output len > 64: 0.0005
GPU memory occupied: 1950 MB.
{'loss': 0.6108, 'learning_rate': 4.876543209876544e-05, 'epoch': 0.25}
{'loss': 0.2654, 'learning_rate': 4.7530864197530866e-05, 'epoch': 0.49}
{'loss': 0.231, 'learning_rate': 4.62962962962963e-05, 'epoch': 0.74}
{'loss': 0.2137, 'learning_rate': 4.506172839506173e-05, 'epoch': 0.99}
GPU memory occupied: 4776 MB.
{'eval_loss': 0.16916175186634064, 'eval_rouge2 precision': 0.7832, 'eval_rouge2 recall': 0.6953, 'eval_rouge2 F1 score': 0.7295, 'eval_runtime': 170.0279, 'eval_samples_per_second': 93.385, 'eval_steps_per_second': 5.84, 'epoch': 1.0}
{'loss': 0.198, 'learning_rate': 4.3827160493827164e-05, 'epoch': 1.23}
{'loss': 0.1889, 'learning_rate': 4.259259259259259e-05, 'epoch': 1.48}
{'loss': 0.1862, 'learning_rate': 4.135802469135803e-05, 'epoch': 1.73}
{'loss': 0.1765, 'learning_rate': 4.012345679012346e-05, 'epoch': 1.98}
GPU memory occupied: 4776 MB.
{'eval_loss': 0.14560800790786743, 'eval_rouge2 precision': 0.8037, 'eval_rouge2 recall': 0.7121, 'eval_rouge2 F1 score': 0.7481, 'eval_runtime': 173.3442, 'eval_samples_per_second': 91.598, 'eval_steps_per_second': 5.728, 'epoch': 2.0}
{'loss': 0.1701, 'learning_rate': 3.888888888888889e-05, 'epoch': 2.22}
{'loss': 0.1666, 'learning_rate': 3.7654320987654326e-05, 'epoch': 2.47}
{'loss': 0.1622, 'learning_rate': 3.6419753086419754e-05, 'epoch': 2.72}
{'loss': 0.1625, 'learning_rate': 3.518518518518519e-05, 'epoch': 2.96}
GPU memory occupied: 4776 MB.
{'eval_loss': 0.1352199763059616, 'eval_rouge2 precision': 0.8103, 'eval_rouge2 recall': 0.7193, 'eval_rouge2 F1 score': 0.755, 'eval_runtime': 175.5435, 'eval_samples_per_second': 90.451, 'eval_steps_per_second': 5.657, 'epoch': 3.0}
{'loss': 0.1558, 'learning_rate': 3.395061728395062e-05, 'epoch': 3.21}
{'loss': 0.1539, 'learning_rate': 3.271604938271605e-05, 'epoch': 3.46}
{'loss': 0.1499, 'learning_rate': 3.148148148148148e-05, 'epoch': 3.7}
{'loss': 0.1512, 'learning_rate': 3.0246913580246916e-05, 'epoch': 3.95}
GPU memory occupied: 4776 MB.
{'eval_loss': 0.12818655371665955, 'eval_rouge2 precision': 0.8164, 'eval_rouge2 recall': 0.7259, 'eval_rouge2 F1 score': 0.7614, 'eval_runtime': 176.0058, 'eval_samples_per_second': 90.213, 'eval_steps_per_second': 5.642, 'epoch': 4.0}
{'loss': 0.1451, 'learning_rate': 2.9012345679012347e-05, 'epoch': 4.2}
{'loss': 0.1457, 'learning_rate': 2.777777777777778e-05, 'epoch': 4.44}
{'loss': 0.1446, 'learning_rate': 2.654320987654321e-05, 'epoch': 4.69}
{'loss': 0.1416, 'learning_rate': 2.5308641975308646e-05, 'epoch': 4.94}
GPU memory occupied: 4776 MB.
{'eval_loss': 0.12415413558483124, 'eval_rouge2 precision': 0.8195, 'eval_rouge2 recall': 0.7277, 'eval_rouge2 F1 score': 0.7638, 'eval_runtime': 218.847, 'eval_samples_per_second': 72.553, 'eval_steps_per_second': 4.537, 'epoch': 5.0}
{'loss': 0.1386, 'learning_rate': 2.4074074074074074e-05, 'epoch': 5.19}
{'loss': 0.1382, 'learning_rate': 2.2839506172839506e-05, 'epoch': 5.43}
{'loss': 0.1369, 'learning_rate': 2.1604938271604937e-05, 'epoch': 5.68}
{'loss': 0.1372, 'learning_rate': 2.037037037037037e-05, 'epoch': 5.93}
GPU memory occupied: 4776 MB.
{'eval_loss': 0.12096419185400009, 'eval_rouge2 precision': 0.8227, 'eval_rouge2 recall': 0.7298, 'eval_rouge2 F1 score': 0.7664, 'eval_runtime': 174.6944, 'eval_samples_per_second': 90.89, 'eval_steps_per_second': 5.684, 'epoch': 6.0}
{'loss': 0.134, 'learning_rate': 1.91358024691358e-05, 'epoch': 6.17}
{'loss': 0.1344, 'learning_rate': 1.7901234567901236e-05, 'epoch': 6.42}
{'loss': 0.1314, 'learning_rate': 1.6666666666666667e-05, 'epoch': 6.67}
{'loss': 0.1335, 'learning_rate': 1.54320987654321e-05, 'epoch': 6.91}
GPU memory occupied: 4776 MB.
{'eval_loss': 0.11949485540390015, 'eval_rouge2 precision': 0.8246, 'eval_rouge2 recall': 0.7315, 'eval_rouge2 F1 score': 0.7682, 'eval_runtime': 170.9953, 'eval_samples_per_second': 92.856, 'eval_steps_per_second': 5.807, 'epoch': 7.0}
{'loss': 0.1342, 'learning_rate': 1.419753086419753e-05, 'epoch': 7.16}
{'loss': 0.1294, 'learning_rate': 1.2962962962962962e-05, 'epoch': 7.41}
{'loss': 0.1314, 'learning_rate': 1.1728395061728396e-05, 'epoch': 7.65}
{'loss': 0.1307, 'learning_rate': 1.0493827160493827e-05, 'epoch': 7.9}
GPU memory occupied: 4776 MB.
{'eval_loss': 0.11776885390281677, 'eval_rouge2 precision': 0.8254, 'eval_rouge2 recall': 0.7328, 'eval_rouge2 F1 score': 0.7693, 'eval_runtime': 172.8613, 'eval_samples_per_second': 91.854, 'eval_steps_per_second': 5.744, 'epoch': 8.0}
{'loss': 0.1282, 'learning_rate': 9.259259259259259e-06, 'epoch': 8.15}
{'loss': 0.1276, 'learning_rate': 8.02469135802469e-06, 'epoch': 8.4}
{'loss': 0.1303, 'learning_rate': 6.790123456790123e-06, 'epoch': 8.64}
{'loss': 0.1275, 'learning_rate': 5.555555555555556e-06, 'epoch': 8.89}
GPU memory occupied: 4776 MB.
{'eval_loss': 0.11683481931686401, 'eval_rouge2 precision': 0.8262, 'eval_rouge2 recall': 0.734, 'eval_rouge2 F1 score': 0.7703, 'eval_runtime': 176.9725, 'eval_samples_per_second': 89.72, 'eval_steps_per_second': 5.611, 'epoch': 9.0}
{'loss': 0.1274, 'learning_rate': 4.3209876543209875e-06, 'epoch': 9.14}
{'loss': 0.1251, 'learning_rate': 3.0864197530864196e-06, 'epoch': 9.38}
{'loss': 0.1288, 'learning_rate': 1.8518518518518519e-06, 'epoch': 9.63}
{'loss': 0.1271, 'learning_rate': 6.17283950617284e-07, 'epoch': 9.88}
GPU memory occupied: 4776 MB.
{'eval_loss': 0.11675414443016052, 'eval_rouge2 precision': 0.8263, 'eval_rouge2 recall': 0.734, 'eval_rouge2 F1 score': 0.7703, 'eval_runtime': 171.7678, 'eval_samples_per_second': 92.439, 'eval_steps_per_second': 5.781, 'epoch': 10.0}
{'train_runtime': 5418.8453, 'train_samples_per_second': 119.538, 'train_steps_per_second': 3.737, 'train_loss': 0.16335646019452885, 'epoch': 10.0}
